sdworlld@0qKKkjgGSCulmW8XMW2t:~/isp/radius$ git pull
remote: Enumerating objects: 9, done.
remote: Counting objects: 100% (9/9), done.
remote: Compressing objects: 100% (1/1), done.
remote: Total 5 (delta 3), reused 5 (delta 3), pack-reused 0 (from 0)
Unpacking objects: 100% (5/5), 984 bytes | 196.00 KiB/s, done.
From https://github.com/sparrow-code/radius
   8acf44b..adae890  main       -> origin/main
Updating 8acf44b..adae890
Fast-forward
 policy.d/openvpn |  6 +++---
 result.log       | 76 ++++++++++++++++++++++++++++++----------------------------------------------
 2 files changed, 33 insertions(+), 49 deletions(-)
sdworlld@0qKKkjgGSCulmW8XMW2t:~/isp/radius$ sudo bash ./radius.sh fix
[sudo] password for sdworlld:
Sorry, try again.
[sudo] password for sdworlld:
/home/sdworlld/isp/radius/modules/install.sh: line 374: syntax error near unexpected token `}'
/home/sdworlld/isp/radius/modules/install.sh: line 374: `        }'

==== Fixing Common Issues ====

[2025-04-13 17:11:24] Checking for common issues...
[2025-04-13 17:11:24] Fixing directory permissions...
[2025-04-13 17:11:25] Checking OpenVPN policy syntax...
[2025-04-13 17:11:25] Restarting FreeRADIUS service...
Job for freeradius.service failed because the control process exited with error code.
See "systemctl status freeradius.service" and "journalctl -xeu freeradius.service" for details.
[2025-04-13 17:11:27] ERROR: FreeRADIUS service failed to start.
Apr 13 17:11:24 0qKKkjgGSCulmW8XMW2t.xenax-cloud.com freeradius[40536]: /etc/freeradius/3.0/policy.d/openvpn[19]: Expecting section start brace '{' after "reject Invalid username format"
Apr 13 17:11:24 0qKKkjgGSCulmW8XMW2t.xenax-cloud.com freeradius[40536]: Errors reading or parsing /etc/freeradius/3.0/radiusd.conf
Apr 13 17:11:24 0qKKkjgGSCulmW8XMW2t.xenax-cloud.com systemd[1]: freeradius.service: Control process exited, code=exited, status=1/FAILURE
Apr 13 17:11:24 0qKKkjgGSCulmW8XMW2t.xenax-cloud.com systemd[1]: freeradius.service: Failed with result 'exit-code'.
Apr 13 17:11:24 0qKKkjgGSCulmW8XMW2t.xenax-cloud.com systemd[1]: Failed to start FreeRADIUS multi-protocol policy server.
Apr 13 17:11:25 0qKKkjgGSCulmW8XMW2t.xenax-cloud.com systemd[1]: Stopped FreeRADIUS multi-protocol policy server.
Apr 13 17:11:27 0qKKkjgGSCulmW8XMW2t.xenax-cloud.com systemd[1]: Starting FreeRADIUS multi-protocol policy server...
Apr 13 17:11:27 0qKKkjgGSCulmW8XMW2t.xenax-cloud.com freeradius[40882]: FreeRADIUS Version 3.0.26
Apr 13 17:11:27 0qKKkjgGSCulmW8XMW2t.xenax-cloud.com freeradius[40882]: Copyright (C) 1999-2021 The FreeRADIUS server project and contributors
Apr 13 17:11:27 0qKKkjgGSCulmW8XMW2t.xenax-cloud.com freeradius[40882]: There is NO warranty; not even for MERCHANTABILITY or FITNESS FOR A
Apr 13 17:11:27 0qKKkjgGSCulmW8XMW2t.xenax-cloud.com freeradius[40882]: PARTICULAR PURPOSE
Apr 13 17:11:27 0qKKkjgGSCulmW8XMW2t.xenax-cloud.com freeradius[40882]: You may redistribute copies of FreeRADIUS under the terms of the
Apr 13 17:11:27 0qKKkjgGSCulmW8XMW2t.xenax-cloud.com freeradius[40882]: GNU General Public License
Apr 13 17:11:27 0qKKkjgGSCulmW8XMW2t.xenax-cloud.com freeradius[40882]: For more information about these matters, see the file named COPYRIGHT
Apr 13 17:11:27 0qKKkjgGSCulmW8XMW2t.xenax-cloud.com freeradius[40882]: Starting - reading configuration files ...
Apr 13 17:11:27 0qKKkjgGSCulmW8XMW2t.xenax-cloud.com freeradius[40882]: /etc/freeradius/3.0/policy.d/openvpn[19]: Expecting section start brace '{' after "reject Invalid username format"
Apr 13 17:11:27 0qKKkjgGSCulmW8XMW2t.xenax-cloud.com freeradius[40882]: Errors reading or parsing /etc/freeradius/3.0/radiusd.conf
Apr 13 17:11:27 0qKKkjgGSCulmW8XMW2t.xenax-cloud.com systemd[1]: freeradius.service: Control process exited, code=exited, status=1/FAILURE
Apr 13 17:11:27 0qKKkjgGSCulmW8XMW2t.xenax-cloud.com systemd[1]: freeradius.service: Failed with result 'exit-code'.
Apr 13 17:11:27 0qKKkjgGSCulmW8XMW2t.xenax-cloud.com systemd[1]: Failed to start FreeRADIUS multi-protocol policy server.
sdworlld@0qKKkjgGSCulmW8XMW2t:~/isp/radius$